{"D:\\Users\\david\\OneDrive\\Documentos\\Personal\\Proyectos\\Web\\React\\Fullstack-Course\\FullstackCourse-Part5\\exercises\\bloglist-frontend\\src\\App.jsx": {"path":"D:\\Users\\david\\OneDrive\\Documentos\\Personal\\Proyectos\\Web\\React\\Fullstack-Course\\FullstackCourse-Part5\\exercises\\bloglist-frontend\\src\\App.jsx","statementMap":{"0":{"start":{"line":12,"column":12},"end":{"line":161,"column":1}},"1":{"start":{"line":13,"column":28},"end":{"line":13,"column":40}},"2":{"start":{"line":14,"column":26},"end":{"line":14,"column":40}},"3":{"start":{"line":16,"column":32},"end":{"line":16,"column":46}},"4":{"start":{"line":19,"column":22},"end":{"line":19,"column":30}},"5":{"start":{"line":21,"column":27},"end":{"line":23,"column":3}},"6":{"start":{"line":22,"column":4},"end":{"line":22,"column":53}},"7":{"start":{"line":22,"column":33},"end":{"line":22,"column":52}},"8":{"start":{"line":24,"column":22},"end":{"line":40,"column":3}},"9":{"start":{"line":25,"column":4},"end":{"line":39,"column":5}},"10":{"start":{"line":26,"column":22},"end":{"line":26,"column":57}},"11":{"start":{"line":28,"column":6},"end":{"line":28,"column":74}},"12":{"start":{"line":29,"column":6},"end":{"line":29,"column":41}},"13":{"start":{"line":30,"column":6},"end":{"line":30,"column":22}},"14":{"start":{"line":32,"column":6},"end":{"line":32,"column":18}},"15":{"start":{"line":34,"column":6},"end":{"line":34,"column":63}},"16":{"start":{"line":35,"column":6},"end":{"line":37,"column":14}},"17":{"start":{"line":36,"column":8},"end":{"line":36,"column":24}},"18":{"start":{"line":38,"column":6},"end":{"line":38,"column":19}},"19":{"start":{"line":42,"column":21},"end":{"line":66,"column":3}},"20":{"start":{"line":44,"column":4},"end":{"line":64,"column":5}},"21":{"start":{"line":45,"column":6},"end":{"line":45,"column":29}},"22":{"start":{"line":46,"column":24},"end":{"line":46,"column":60}},"23":{"start":{"line":48,"column":6},"end":{"line":48,"column":39}},"24":{"start":{"line":49,"column":6},"end":{"line":49,"column":60}},"25":{"start":{"line":50,"column":6},"end":{"line":52,"column":14}},"26":{"start":{"line":51,"column":8},"end":{"line":51,"column":24}},"27":{"start":{"line":54,"column":6},"end":{"line":54,"column":42}},"28":{"start":{"line":55,"column":6},"end":{"line":55,"column":18}},"29":{"start":{"line":58,"column":6},"end":{"line":58,"column":65}},"30":{"start":{"line":59,"column":6},"end":{"line":61,"column":14}},"31":{"start":{"line":60,"column":8},"end":{"line":60,"column":24}},"32":{"start":{"line":63,"column":6},"end":{"line":63,"column":19}},"33":{"start":{"line":68,"column":18},"end":{"line":86,"column":3}},"34":{"start":{"line":69,"column":4},"end":{"line":85,"column":5}},"35":{"start":{"line":70,"column":20},"end":{"line":70,"column":34}},"36":{"start":{"line":71,"column":26},"end":{"line":71,"column":70}},"37":{"start":{"line":73,"column":6},"end":{"line":73,"column":55}},"38":{"start":{"line":74,"column":6},"end":{"line":76,"column":14}},"39":{"start":{"line":75,"column":8},"end":{"line":75,"column":24}},"40":{"start":{"line":78,"column":6},"end":{"line":78,"column":84}},"41":{"start":{"line":78,"column":47},"end":{"line":78,"column":81}},"42":{"start":{"line":81,"column":6},"end":{"line":81,"column":65}},"43":{"start":{"line":82,"column":6},"end":{"line":84,"column":14}},"44":{"start":{"line":83,"column":8},"end":{"line":83,"column":24}},"45":{"start":{"line":88,"column":21},"end":{"line":104,"column":3}},"46":{"start":{"line":89,"column":4},"end":{"line":103,"column":5}},"47":{"start":{"line":90,"column":6},"end":{"line":90,"column":39}},"48":{"start":{"line":92,"column":6},"end":{"line":92,"column":57}},"49":{"start":{"line":93,"column":6},"end":{"line":95,"column":14}},"50":{"start":{"line":94,"column":8},"end":{"line":94,"column":24}},"51":{"start":{"line":96,"column":6},"end":{"line":96,"column":51}},"52":{"start":{"line":96,"column":33},"end":{"line":96,"column":49}},"53":{"start":{"line":99,"column":6},"end":{"line":99,"column":65}},"54":{"start":{"line":100,"column":6},"end":{"line":102,"column":14}},"55":{"start":{"line":101,"column":8},"end":{"line":101,"column":24}},"56":{"start":{"line":105,"column":23},"end":{"line":109,"column":3}},"57":{"start":{"line":106,"column":4},"end":{"line":106,"column":51}},"58":{"start":{"line":107,"column":4},"end":{"line":107,"column":17}},"59":{"start":{"line":108,"column":4},"end":{"line":108,"column":30}},"60":{"start":{"line":111,"column":2},"end":{"line":116,"column":8}},"61":{"start":{"line":112,"column":4},"end":{"line":115,"column":8}},"62":{"start":{"line":114,"column":8},"end":{"line":114,"column":43}},"63":{"start":{"line":118,"column":2},"end":{"line":125,"column":8}},"64":{"start":{"line":119,"column":27},"end":{"line":119,"column":70}},"65":{"start":{"line":120,"column":4},"end":{"line":124,"column":5}},"66":{"start":{"line":121,"column":25},"end":{"line":121,"column":51}},"67":{"start":{"line":122,"column":6},"end":{"line":122,"column":44}},"68":{"start":{"line":123,"column":6},"end":{"line":123,"column":25}},"69":{"start":{"line":127,"column":23},"end":{"line":146,"column":3}},"70":{"start":{"line":128,"column":4},"end":{"line":145,"column":10}},"71":{"start":{"line":140,"column":31},"end":{"line":140,"column":118}},"72":{"start":{"line":148,"column":2},"end":{"line":160,"column":3}}},"fnMap":{"0":{"name":"(anonymous_0)","decl":{"start":{"line":12,"column":12},"end":{"line":12,"column":13}},"loc":{"start":{"line":12,"column":18},"end":{"line":161,"column":1}},"line":12},"1":{"name":"(anonymous_1)","decl":{"start":{"line":21,"column":27},"end":{"line":21,"column":28}},"loc":{"start":{"line":21,"column":38},"end":{"line":23,"column":3}},"line":21},"2":{"name":"(anonymous_2)","decl":{"start":{"line":22,"column":22},"end":{"line":22,"column":23}},"loc":{"start":{"line":22,"column":33},"end":{"line":22,"column":52}},"line":22},"3":{"name":"(anonymous_3)","decl":{"start":{"line":24,"column":22},"end":{"line":24,"column":23}},"loc":{"start":{"line":24,"column":43},"end":{"line":40,"column":3}},"line":24},"4":{"name":"(anonymous_4)","decl":{"start":{"line":35,"column":17},"end":{"line":35,"column":18}},"loc":{"start":{"line":35,"column":23},"end":{"line":37,"column":7}},"line":35},"5":{"name":"(anonymous_5)","decl":{"start":{"line":42,"column":21},"end":{"line":42,"column":22}},"loc":{"start":{"line":42,"column":43},"end":{"line":66,"column":3}},"line":42},"6":{"name":"(anonymous_6)","decl":{"start":{"line":50,"column":17},"end":{"line":50,"column":18}},"loc":{"start":{"line":50,"column":23},"end":{"line":52,"column":7}},"line":50},"7":{"name":"(anonymous_7)","decl":{"start":{"line":59,"column":17},"end":{"line":59,"column":18}},"loc":{"start":{"line":59,"column":23},"end":{"line":61,"column":7}},"line":59},"8":{"name":"(anonymous_8)","decl":{"start":{"line":68,"column":18},"end":{"line":68,"column":19}},"loc":{"start":{"line":68,"column":34},"end":{"line":86,"column":3}},"line":68},"9":{"name":"(anonymous_9)","decl":{"start":{"line":74,"column":17},"end":{"line":74,"column":18}},"loc":{"start":{"line":74,"column":23},"end":{"line":76,"column":7}},"line":74},"10":{"name":"(anonymous_10)","decl":{"start":{"line":78,"column":42},"end":{"line":78,"column":43}},"loc":{"start":{"line":78,"column":47},"end":{"line":78,"column":81}},"line":78},"11":{"name":"(anonymous_11)","decl":{"start":{"line":82,"column":17},"end":{"line":82,"column":18}},"loc":{"start":{"line":82,"column":23},"end":{"line":84,"column":7}},"line":82},"12":{"name":"(anonymous_12)","decl":{"start":{"line":88,"column":21},"end":{"line":88,"column":22}},"loc":{"start":{"line":88,"column":37},"end":{"line":104,"column":3}},"line":88},"13":{"name":"(anonymous_13)","decl":{"start":{"line":93,"column":17},"end":{"line":93,"column":18}},"loc":{"start":{"line":93,"column":23},"end":{"line":95,"column":7}},"line":93},"14":{"name":"(anonymous_14)","decl":{"start":{"line":96,"column":28},"end":{"line":96,"column":29}},"loc":{"start":{"line":96,"column":33},"end":{"line":96,"column":49}},"line":96},"15":{"name":"(anonymous_15)","decl":{"start":{"line":100,"column":17},"end":{"line":100,"column":18}},"loc":{"start":{"line":100,"column":23},"end":{"line":102,"column":7}},"line":100},"16":{"name":"(anonymous_16)","decl":{"start":{"line":105,"column":23},"end":{"line":105,"column":24}},"loc":{"start":{"line":105,"column":29},"end":{"line":109,"column":3}},"line":105},"17":{"name":"(anonymous_17)","decl":{"start":{"line":111,"column":12},"end":{"line":111,"column":13}},"loc":{"start":{"line":111,"column":18},"end":{"line":116,"column":3}},"line":111},"18":{"name":"(anonymous_18)","decl":{"start":{"line":113,"column":12},"end":{"line":113,"column":13}},"loc":{"start":{"line":113,"column":21},"end":{"line":115,"column":7}},"line":113},"19":{"name":"(anonymous_19)","decl":{"start":{"line":118,"column":12},"end":{"line":118,"column":13}},"loc":{"start":{"line":118,"column":18},"end":{"line":125,"column":3}},"line":118},"20":{"name":"(anonymous_20)","decl":{"start":{"line":127,"column":23},"end":{"line":127,"column":24}},"loc":{"start":{"line":128,"column":4},"end":{"line":145,"column":10}},"line":128},"21":{"name":"(anonymous_21)","decl":{"start":{"line":140,"column":23},"end":{"line":140,"column":24}},"loc":{"start":{"line":140,"column":31},"end":{"line":140,"column":118}},"line":140}},"branchMap":{"0":{"loc":{"start":{"line":78,"column":47},"end":{"line":78,"column":81}},"type":"cond-expr","locations":[{"start":{"line":78,"column":66},"end":{"line":78,"column":77}},{"start":{"line":78,"column":80},"end":{"line":78,"column":81}}],"line":78},"1":{"loc":{"start":{"line":120,"column":4},"end":{"line":124,"column":5}},"type":"if","locations":[{"start":{"line":120,"column":4},"end":{"line":124,"column":5}},{"start":{},"end":{}}],"line":120},"2":{"loc":{"start":{"line":137,"column":8},"end":{"line":143,"column":40}},"type":"cond-expr","locations":[{"start":{"line":139,"column":10},"end":{"line":141,"column":13}},{"start":{"line":143,"column":10},"end":{"line":143,"column":40}}],"line":137},"3":{"loc":{"start":{"line":137,"column":8},"end":{"line":138,"column":24}},"type":"binary-expr","locations":[{"start":{"line":137,"column":8},"end":{"line":137,"column":13}},{"start":{"line":138,"column":8},"end":{"line":138,"column":24}}],"line":137},"4":{"loc":{"start":{"line":151,"column":8},"end":{"line":155,"column":10}},"type":"binary-expr","locations":[{"start":{"line":151,"column":8},"end":{"line":151,"column":15}},{"start":{"line":152,"column":8},"end":{"line":155,"column":10}}],"line":151},"5":{"loc":{"start":{"line":157,"column":8},"end":{"line":157,"column":55}},"type":"binary-expr","locations":[{"start":{"line":157,"column":8},"end":{"line":157,"column":13}},{"start":{"line":157,"column":17},"end":{"line":157,"column":55}}],"line":157},"6":{"loc":{"start":{"line":158,"column":8},"end":{"line":158,"column":30}},"type":"binary-expr","locations":[{"start":{"line":158,"column":8},"end":{"line":158,"column":12}},{"start":{"line":158,"column":16},"end":{"line":158,"column":30}}],"line":158}},"s":{"0":0,"1":0,"2":0,"3":0,"4":0,"5":0,"6":0,"7":0,"8":0,"9":0,"10":0,"11":0,"12":0,"13":0,"14":0,"15":0,"16":0,"17":0,"18":0,"19":0,"20":0,"21":0,"22":0,"23":0,"24":0,"25":0,"26":0,"27":0,"28":0,"29":0,"30":0,"31":0,"32":0,"33":0,"34":0,"35":0,"36":0,"37":0,"38":0,"39":0,"40":0,"41":0,"42":0,"43":0,"44":0,"45":0,"46":0,"47":0,"48":0,"49":0,"50":0,"51":0,"52":0,"53":0,"54":0,"55":0,"56":0,"57":0,"58":0,"59":0,"60":0,"61":0,"62":0,"63":0,"64":0,"65":0,"66":0,"67":0,"68":0,"69":0,"70":0,"71":0,"72":0},"f":{"0":0,"1":0,"2":0,"3":0,"4":0,"5":0,"6":0,"7":0,"8":0,"9":0,"10":0,"11":0,"12":0,"13":0,"14":0,"15":0,"16":0,"17":0,"18":0,"19":0,"20":0,"21":0},"b":{"0":[0,0],"1":[0,0],"2":[0,0],"3":[0,0],"4":[0,0],"5":[0,0],"6":[0,0]}}
,"D:\\Users\\david\\OneDrive\\Documentos\\Personal\\Proyectos\\Web\\React\\Fullstack-Course\\FullstackCourse-Part5\\exercises\\bloglist-frontend\\src\\main.jsx": {"path":"D:\\Users\\david\\OneDrive\\Documentos\\Personal\\Proyectos\\Web\\React\\Fullstack-Course\\FullstackCourse-Part5\\exercises\\bloglist-frontend\\src\\main.jsx","statementMap":{"0":{"start":{"line":4,"column":0},"end":{"line":4,"column":68}}},"fnMap":{},"branchMap":{},"s":{"0":0},"f":{},"b":{}}
,"D:\\Users\\david\\OneDrive\\Documentos\\Personal\\Proyectos\\Web\\React\\Fullstack-Course\\FullstackCourse-Part5\\exercises\\bloglist-frontend\\src\\components\\Blog.jsx": {"path":"D:\\Users\\david\\OneDrive\\Documentos\\Personal\\Proyectos\\Web\\React\\Fullstack-Course\\FullstackCourse-Part5\\exercises\\bloglist-frontend\\src\\components\\Blog.jsx","statementMap":{"0":{"start":{"line":3,"column":13},"end":{"line":32,"column":1}},"1":{"start":{"line":5,"column":20},"end":{"line":9,"column":3}},"2":{"start":{"line":11,"column":40},"end":{"line":11,"column":55}},"3":{"start":{"line":13,"column":24},"end":{"line":15,"column":3}},"4":{"start":{"line":14,"column":4},"end":{"line":14,"column":32}},"5":{"start":{"line":17,"column":2},"end":{"line":31,"column":3}},"6":{"start":{"line":24,"column":58},"end":{"line":24,"column":71}},"7":{"start":{"line":26,"column":77},"end":{"line":26,"column":93}}},"fnMap":{"0":{"name":"(anonymous_0)","decl":{"start":{"line":3,"column":13},"end":{"line":3,"column":14}},"loc":{"start":{"line":3,"column":54},"end":{"line":32,"column":1}},"line":3},"1":{"name":"(anonymous_1)","decl":{"start":{"line":13,"column":24},"end":{"line":13,"column":25}},"loc":{"start":{"line":13,"column":30},"end":{"line":15,"column":3}},"line":13},"2":{"name":"(anonymous_2)","decl":{"start":{"line":24,"column":52},"end":{"line":24,"column":53}},"loc":{"start":{"line":24,"column":58},"end":{"line":24,"column":71}},"line":24},"3":{"name":"(anonymous_3)","decl":{"start":{"line":26,"column":71},"end":{"line":26,"column":72}},"loc":{"start":{"line":26,"column":77},"end":{"line":26,"column":93}},"line":26}},"branchMap":{"0":{"loc":{"start":{"line":19,"column":69},"end":{"line":19,"column":98}},"type":"cond-expr","locations":[{"start":{"line":19,"column":83},"end":{"line":19,"column":89}},{"start":{"line":19,"column":92},"end":{"line":19,"column":98}}],"line":19},"1":{"loc":{"start":{"line":21,"column":8},"end":{"line":27,"column":11}},"type":"binary-expr","locations":[{"start":{"line":21,"column":8},"end":{"line":21,"column":19}},{"start":{"line":22,"column":8},"end":{"line":27,"column":11}}],"line":21},"2":{"loc":{"start":{"line":26,"column":11},"end":{"line":26,"column":115}},"type":"binary-expr","locations":[{"start":{"line":26,"column":11},"end":{"line":26,"column":47}},{"start":{"line":26,"column":51},"end":{"line":26,"column":115}}],"line":26}},"s":{"0":1,"1":5,"2":5,"3":5,"4":2,"5":5,"6":2,"7":0},"f":{"0":5,"1":2,"2":2,"3":0},"b":{"0":[2,3],"1":[5,2],"2":[2,0]},"_coverageSchema":"1a1c01bbd47fc00a2c39e90264f33305004495a9","hash":"a6a23781ae06c3964f6a087121df5d18b6a2a166"}
,"D:\\Users\\david\\OneDrive\\Documentos\\Personal\\Proyectos\\Web\\React\\Fullstack-Course\\FullstackCourse-Part5\\exercises\\bloglist-frontend\\src\\components\\BlogForm.jsx": {"path":"D:\\Users\\david\\OneDrive\\Documentos\\Personal\\Proyectos\\Web\\React\\Fullstack-Course\\FullstackCourse-Part5\\exercises\\bloglist-frontend\\src\\components\\BlogForm.jsx","statementMap":{"0":{"start":{"line":3,"column":17},"end":{"line":50,"column":1}},"1":{"start":{"line":5,"column":28},"end":{"line":5,"column":40}},"2":{"start":{"line":6,"column":30},"end":{"line":6,"column":42}},"3":{"start":{"line":7,"column":24},"end":{"line":7,"column":36}},"4":{"start":{"line":9,"column":18},"end":{"line":19,"column":3}},"5":{"start":{"line":10,"column":4},"end":{"line":10,"column":27}},"6":{"start":{"line":12,"column":20},"end":{"line":12,"column":60}},"7":{"start":{"line":14,"column":4},"end":{"line":18,"column":5}},"8":{"start":{"line":15,"column":6},"end":{"line":15,"column":18}},"9":{"start":{"line":16,"column":6},"end":{"line":16,"column":19}},"10":{"start":{"line":17,"column":6},"end":{"line":17,"column":16}},"11":{"start":{"line":21,"column":2},"end":{"line":49,"column":3}},"12":{"start":{"line":29,"column":41},"end":{"line":29,"column":63}},"13":{"start":{"line":36,"column":41},"end":{"line":36,"column":64}},"14":{"start":{"line":43,"column":41},"end":{"line":43,"column":61}}},"fnMap":{"0":{"name":"(anonymous_0)","decl":{"start":{"line":3,"column":17},"end":{"line":3,"column":18}},"loc":{"start":{"line":3,"column":37},"end":{"line":50,"column":1}},"line":3},"1":{"name":"(anonymous_1)","decl":{"start":{"line":9,"column":18},"end":{"line":9,"column":19}},"loc":{"start":{"line":9,"column":35},"end":{"line":19,"column":3}},"line":9},"2":{"name":"(anonymous_2)","decl":{"start":{"line":29,"column":25},"end":{"line":29,"column":26}},"loc":{"start":{"line":29,"column":41},"end":{"line":29,"column":63}},"line":29},"3":{"name":"(anonymous_3)","decl":{"start":{"line":36,"column":25},"end":{"line":36,"column":26}},"loc":{"start":{"line":36,"column":41},"end":{"line":36,"column":64}},"line":36},"4":{"name":"(anonymous_4)","decl":{"start":{"line":43,"column":25},"end":{"line":43,"column":26}},"loc":{"start":{"line":43,"column":41},"end":{"line":43,"column":61}},"line":43}},"branchMap":{"0":{"loc":{"start":{"line":14,"column":4},"end":{"line":18,"column":5}},"type":"if","locations":[{"start":{"line":14,"column":4},"end":{"line":18,"column":5}},{"start":{},"end":{}}],"line":14}},"s":{"0":1,"1":57,"2":57,"3":57,"4":57,"5":1,"6":1,"7":1,"8":0,"9":0,"10":0,"11":57,"12":19,"13":20,"14":17},"f":{"0":57,"1":1,"2":19,"3":20,"4":17},"b":{"0":[0,1]},"_coverageSchema":"1a1c01bbd47fc00a2c39e90264f33305004495a9","hash":"8c0be74f1eb23c0ad70fef1a392d41498b5cbe10"}
,"D:\\Users\\david\\OneDrive\\Documentos\\Personal\\Proyectos\\Web\\React\\Fullstack-Course\\FullstackCourse-Part5\\exercises\\bloglist-frontend\\src\\components\\LoginForm.jsx": {"path":"D:\\Users\\david\\OneDrive\\Documentos\\Personal\\Proyectos\\Web\\React\\Fullstack-Course\\FullstackCourse-Part5\\exercises\\bloglist-frontend\\src\\components\\LoginForm.jsx","statementMap":{"0":{"start":{"line":3,"column":18},"end":{"line":38,"column":1}},"1":{"start":{"line":5,"column":34},"end":{"line":5,"column":46}},"2":{"start":{"line":6,"column":34},"end":{"line":6,"column":46}},"3":{"start":{"line":8,"column":16},"end":{"line":17,"column":3}},"4":{"start":{"line":9,"column":4},"end":{"line":9,"column":27}},"5":{"start":{"line":11,"column":20},"end":{"line":11,"column":53}},"6":{"start":{"line":13,"column":4},"end":{"line":16,"column":5}},"7":{"start":{"line":14,"column":6},"end":{"line":14,"column":21}},"8":{"start":{"line":15,"column":6},"end":{"line":15,"column":21}},"9":{"start":{"line":19,"column":2},"end":{"line":37,"column":3}},"10":{"start":{"line":25,"column":37},"end":{"line":25,"column":62}},"11":{"start":{"line":32,"column":37},"end":{"line":32,"column":62}}},"fnMap":{"0":{"name":"(anonymous_0)","decl":{"start":{"line":3,"column":18},"end":{"line":3,"column":19}},"loc":{"start":{"line":3,"column":39},"end":{"line":38,"column":1}},"line":3},"1":{"name":"(anonymous_1)","decl":{"start":{"line":8,"column":16},"end":{"line":8,"column":17}},"loc":{"start":{"line":8,"column":27},"end":{"line":17,"column":3}},"line":8},"2":{"name":"(anonymous_2)","decl":{"start":{"line":25,"column":23},"end":{"line":25,"column":24}},"loc":{"start":{"line":25,"column":37},"end":{"line":25,"column":62}},"line":25},"3":{"name":"(anonymous_3)","decl":{"start":{"line":32,"column":23},"end":{"line":32,"column":24}},"loc":{"start":{"line":32,"column":37},"end":{"line":32,"column":62}},"line":32}},"branchMap":{"0":{"loc":{"start":{"line":13,"column":4},"end":{"line":16,"column":5}},"type":"if","locations":[{"start":{"line":13,"column":4},"end":{"line":16,"column":5}},{"start":{},"end":{}}],"line":13}},"s":{"0":0,"1":0,"2":0,"3":0,"4":0,"5":0,"6":0,"7":0,"8":0,"9":0,"10":0,"11":0},"f":{"0":0,"1":0,"2":0,"3":0},"b":{"0":[0,0]}}
,"D:\\Users\\david\\OneDrive\\Documentos\\Personal\\Proyectos\\Web\\React\\Fullstack-Course\\FullstackCourse-Part5\\exercises\\bloglist-frontend\\src\\components\\Message.jsx": {"path":"D:\\Users\\david\\OneDrive\\Documentos\\Personal\\Proyectos\\Web\\React\\Fullstack-Course\\FullstackCourse-Part5\\exercises\\bloglist-frontend\\src\\components\\Message.jsx","statementMap":{"0":{"start":{"line":3,"column":16},"end":{"line":9,"column":1}},"1":{"start":{"line":4,"column":2},"end":{"line":8,"column":3}}},"fnMap":{"0":{"name":"(anonymous_0)","decl":{"start":{"line":3,"column":16},"end":{"line":3,"column":17}},"loc":{"start":{"line":3,"column":36},"end":{"line":9,"column":1}},"line":3}},"branchMap":{"0":{"loc":{"start":{"line":5,"column":31},"end":{"line":5,"column":59}},"type":"cond-expr","locations":[{"start":{"line":5,"column":40},"end":{"line":5,"column":49}},{"start":{"line":5,"column":52},"end":{"line":5,"column":59}}],"line":5}},"s":{"0":0,"1":0},"f":{"0":0},"b":{"0":[0,0]}}
,"D:\\Users\\david\\OneDrive\\Documentos\\Personal\\Proyectos\\Web\\React\\Fullstack-Course\\FullstackCourse-Part5\\exercises\\bloglist-frontend\\src\\components\\Toggeable.jsx": {"path":"D:\\Users\\david\\OneDrive\\Documentos\\Personal\\Proyectos\\Web\\React\\Fullstack-Course\\FullstackCourse-Part5\\exercises\\bloglist-frontend\\src\\components\\Toggeable.jsx","statementMap":{"0":{"start":{"line":4,"column":18},"end":{"line":32,"column":2}},"1":{"start":{"line":5,"column":32},"end":{"line":5,"column":47}},"2":{"start":{"line":7,"column":26},"end":{"line":7,"column":60}},"3":{"start":{"line":8,"column":26},"end":{"line":8,"column":60}},"4":{"start":{"line":11,"column":24},"end":{"line":13,"column":3}},"5":{"start":{"line":12,"column":4},"end":{"line":12,"column":24}},"6":{"start":{"line":14,"column":2},"end":{"line":18,"column":4}},"7":{"start":{"line":15,"column":4},"end":{"line":17,"column":5}},"8":{"start":{"line":20,"column":2},"end":{"line":30,"column":3}},"9":{"start":{"line":33,"column":0},"end":{"line":33,"column":36}},"10":{"start":{"line":35,"column":0},"end":{"line":37,"column":1}}},"fnMap":{"0":{"name":"(anonymous_0)","decl":{"start":{"line":4,"column":29},"end":{"line":4,"column":30}},"loc":{"start":{"line":4,"column":46},"end":{"line":32,"column":1}},"line":4},"1":{"name":"(anonymous_1)","decl":{"start":{"line":11,"column":24},"end":{"line":11,"column":25}},"loc":{"start":{"line":11,"column":30},"end":{"line":13,"column":3}},"line":11},"2":{"name":"(anonymous_2)","decl":{"start":{"line":14,"column":28},"end":{"line":14,"column":29}},"loc":{"start":{"line":14,"column":34},"end":{"line":18,"column":3}},"line":14}},"branchMap":{"0":{"loc":{"start":{"line":7,"column":37},"end":{"line":7,"column":58}},"type":"cond-expr","locations":[{"start":{"line":7,"column":47},"end":{"line":7,"column":49}},{"start":{"line":7,"column":52},"end":{"line":7,"column":58}}],"line":7},"1":{"loc":{"start":{"line":8,"column":37},"end":{"line":8,"column":58}},"type":"cond-expr","locations":[{"start":{"line":8,"column":47},"end":{"line":8,"column":53}},{"start":{"line":8,"column":56},"end":{"line":8,"column":58}}],"line":8}},"s":{"0":0,"1":0,"2":0,"3":0,"4":0,"5":0,"6":0,"7":0,"8":0,"9":0,"10":0},"f":{"0":0,"1":0,"2":0},"b":{"0":[0,0],"1":[0,0]}}
,"D:\\Users\\david\\OneDrive\\Documentos\\Personal\\Proyectos\\Web\\React\\Fullstack-Course\\FullstackCourse-Part5\\exercises\\bloglist-frontend\\src\\services\\blogs.js": {"path":"D:\\Users\\david\\OneDrive\\Documentos\\Personal\\Proyectos\\Web\\React\\Fullstack-Course\\FullstackCourse-Part5\\exercises\\bloglist-frontend\\src\\services\\blogs.js","statementMap":{"0":{"start":{"line":2,"column":16},"end":{"line":2,"column":28}},"1":{"start":{"line":4,"column":12},"end":{"line":4,"column":16}},"2":{"start":{"line":7,"column":17},"end":{"line":9,"column":1}},"3":{"start":{"line":8,"column":2},"end":{"line":8,"column":30}},"4":{"start":{"line":11,"column":15},"end":{"line":14,"column":1}},"5":{"start":{"line":12,"column":14},"end":{"line":12,"column":38}},"6":{"start":{"line":13,"column":2},"end":{"line":13,"column":17}},"7":{"start":{"line":16,"column":15},"end":{"line":23,"column":1}},"8":{"start":{"line":17,"column":17},"end":{"line":19,"column":3}},"9":{"start":{"line":20,"column":14},"end":{"line":20,"column":56}},"10":{"start":{"line":22,"column":2},"end":{"line":22,"column":18}},"11":{"start":{"line":25,"column":15},"end":{"line":29,"column":1}},"12":{"start":{"line":26,"column":14},"end":{"line":26,"column":58}},"13":{"start":{"line":28,"column":2},"end":{"line":28,"column":18}},"14":{"start":{"line":31,"column":15},"end":{"line":38,"column":1}},"15":{"start":{"line":32,"column":17},"end":{"line":34,"column":3}},"16":{"start":{"line":35,"column":14},"end":{"line":35,"column":60}},"17":{"start":{"line":37,"column":2},"end":{"line":37,"column":18}}},"fnMap":{"0":{"name":"(anonymous_0)","decl":{"start":{"line":7,"column":17},"end":{"line":7,"column":18}},"loc":{"start":{"line":7,"column":29},"end":{"line":9,"column":1}},"line":7},"1":{"name":"(anonymous_1)","decl":{"start":{"line":11,"column":15},"end":{"line":11,"column":16}},"loc":{"start":{"line":11,"column":27},"end":{"line":14,"column":1}},"line":11},"2":{"name":"(anonymous_2)","decl":{"start":{"line":16,"column":15},"end":{"line":16,"column":16}},"loc":{"start":{"line":16,"column":32},"end":{"line":23,"column":1}},"line":16},"3":{"name":"(anonymous_3)","decl":{"start":{"line":25,"column":15},"end":{"line":25,"column":16}},"loc":{"start":{"line":25,"column":38},"end":{"line":29,"column":1}},"line":25},"4":{"name":"(anonymous_4)","decl":{"start":{"line":31,"column":15},"end":{"line":31,"column":16}},"loc":{"start":{"line":31,"column":27},"end":{"line":38,"column":1}},"line":31}},"branchMap":{},"s":{"0":0,"1":0,"2":0,"3":0,"4":0,"5":0,"6":0,"7":0,"8":0,"9":0,"10":0,"11":0,"12":0,"13":0,"14":0,"15":0,"16":0,"17":0},"f":{"0":0,"1":0,"2":0,"3":0,"4":0},"b":{}}
,"D:\\Users\\david\\OneDrive\\Documentos\\Personal\\Proyectos\\Web\\React\\Fullstack-Course\\FullstackCourse-Part5\\exercises\\bloglist-frontend\\src\\services\\login.js": {"path":"D:\\Users\\david\\OneDrive\\Documentos\\Personal\\Proyectos\\Web\\React\\Fullstack-Course\\FullstackCourse-Part5\\exercises\\bloglist-frontend\\src\\services\\login.js","statementMap":{"0":{"start":{"line":3,"column":16},"end":{"line":3,"column":28}},"1":{"start":{"line":5,"column":14},"end":{"line":8,"column":1}},"2":{"start":{"line":6,"column":14},"end":{"line":6,"column":52}},"3":{"start":{"line":7,"column":2},"end":{"line":7,"column":18}}},"fnMap":{"0":{"name":"(anonymous_0)","decl":{"start":{"line":5,"column":14},"end":{"line":5,"column":15}},"loc":{"start":{"line":5,"column":35},"end":{"line":8,"column":1}},"line":5}},"branchMap":{},"s":{"0":0,"1":0,"2":0,"3":0},"f":{"0":0},"b":{}}
}
